<?xml version="1.0" encoding="UTF-8"?>
<!-- Generated by org.testng.reporters.JUnitReportReporter -->
<testsuite hostname="Swapnil" failures="0" tests="1" name="com.demo.FirstJenkinsTest" time="12.239" errors="0" timestamp="2023-04-28T14:22:44 IST" skipped="0">
  <testcase classname="com.demo.FirstJenkinsTest" name="firstTest" time="12.239"/>
  <system-out/>
</testsuite> <!-- com.demo.FirstJenkinsTest -->
